<?xml version="1.0" encoding="UTF-8"?>
<!-- Generated by org.testng.reporters.JUnitReportReporter -->
<testsuite hostname="NAG1-LHP-N76279" failures="0" tests="4" name="testCases.ZomatoSearch" time="43.345" errors="0" timestamp="2022-07-21T11:43:01 IST" skipped="0">
  <testcase classname="testCases.ZomatoSearch" name="search" time="11.788"/>
  <system-out/>
  <testcase classname="testCases.ZomatoSearch" name="search" time="11.839"/>
  <system-out/>
  <testcase classname="testCases.ZomatoSearch" name="search" time="10.664"/>
  <system-out/>
  <testcase classname="testCases.ZomatoSearch" name="search" time="9.054"/>
  <system-out/>
</testsuite> <!-- testCases.ZomatoSearch -->
